<?xml version="1.0" encoding="UTF-8"?>
<testng-results ignored="0" total="1" passed="1" failed="0" skipped="0">
  <reporter-output>
  </reporter-output>
  <suite started-at="2023-02-18T13:33:21 IST" name="SmokeTest" finished-at="2023-02-18T13:33:48 IST" duration-ms="26720">
    <groups>
    </groups>
    <test started-at="2023-02-18T13:33:21 IST" name="UITest" finished-at="2023-02-18T13:33:48 IST" duration-ms="26720">
      <class name="com.sdet.Test.WikiTest">
        <test-method signature="verifyMovie()[pri:0, instance:com.sdet.Test.WikiTest@35ef1869]" started-at="2023-02-18T13:33:21 IST" name="verifyMovie" finished-at="2023-02-18T13:33:48 IST" duration-ms="26661" status="PASS">
          <reporter-output>
          </reporter-output>
        </test-method> <!-- verifyMovie -->
      </class> <!-- com.sdet.Test.WikiTest -->
    </test> <!-- UITest -->
  </suite> <!-- SmokeTest -->
</testng-results>
